Fri, 10 Jun 2022 03:04:48 GMT App ready
Fri, 10 Jun 2022 03:04:48 GMT UseCNDC value...false
Fri, 10 Jun 2022 03:04:48 GMT Home url: https://meetinglab.zoho.com/join
Fri, 10 Jun 2022 03:04:48 GMT CRITICAL Menu Created
Fri, 10 Jun 2022 03:04:48 GMT config file enableCrashReporting value...undefined
Fri, 10 Jun 2022 03:04:48 GMT Window Launched
Fri, 10 Jun 2022 03:04:48 GMT checkCrashConsent called...
Fri, 10 Jun 2022 03:04:50 GMT CRITICAL load commit https://meetinglab.zoho.com/join
Fri, 10 Jun 2022 03:04:50 GMT on closed received on consent window
Fri, 10 Jun 2022 03:04:50 GMT Consent dialog response:  true
Fri, 10 Jun 2022 03:04:50 GMT startCrashReporter called... Enable: true , Update Menu: true
Fri, 10 Jun 2022 03:04:50 GMT updateConsentMenuItem called... Enable: true
Fri, 10 Jun 2022 03:05:18 GMT CRITICAL load commit https://meeting.zoho.in/meeting/participant.do?key=1349429926&cid=8193031&uname=&t=0ef833e436502b7e8b1566e8b06505cc0997091fe78390babb7e4e2bfcb73403
Fri, 10 Jun 2022 03:05:18 GMT CRITICAL load commit about:blank
Fri, 10 Jun 2022 03:05:18 GMT CRITICAL load commit about:blank
Fri, 10 Jun 2022 03:05:18 GMT CRITICAL load commit about:blank
Fri, 10 Jun 2022 03:05:19 GMT CRITICAL load commit https://cdn.temasys.com.sg/skylink/extensions/detectRTC.html
Fri, 10 Jun 2022 03:05:19 GMT CRITICAL load commit https://meeting.zoho.in/meeting/participant.do?key=1349429926&cid=8193031&uname=&t=0ef833e436502b7e8b1566e8b06505cc0997091fe78390babb7e4e2bfcb73403
Fri, 10 Jun 2022 03:05:19 GMT stop timer to find white page
Fri, 10 Jun 2022 03:05:31 GMT CRITICAL load commit https://meeting.zoho.in/meeting/participant.do?key=1349429926&cid=8193031&uname=Achintya+Vatsraj&t=0ef833e436502b7e8b1566e8b06505cc0997091fe78390babb7e4e2bfcb73403
Fri, 10 Jun 2022 03:05:33 GMT CRITICAL load commit https://notebook.zoho.in/guestMode.do?service_type=zmeeting&frameorigin=https://meeting.zoho.in&meetingkey=1349429926&sysid=449102000000011147&brandid=449102000000008011
Fri, 10 Jun 2022 03:05:33 GMT CRITICAL load commit https://notebook.zoho.in/app_zmeeting/guest-mode?meetingkey=1349429926&frameorigin=https://meeting.zoho.in
Fri, 10 Jun 2022 03:05:34 GMT CRITICAL load commit https://notebook.zoho.in/app_zmeeting/guest-mode?meetingkey=1349429926&frameorigin=https://meeting.zoho.in
Fri, 10 Jun 2022 03:05:35 GMT CRITICAL load commit about:srcdoc
Fri, 10 Jun 2022 03:05:35 GMT CRITICAL load commit about:blank
Fri, 10 Jun 2022 03:05:35 GMT CRITICAL load commit https://meeting.zoho.in/_wms/pconnect.sas?prd=MT&uname=$2423145118865297930-60014974653-AGT&samedomain=false&nocache=1654830335336&config=15&settings=false&wmscont=_wms&nodomainchange=true&retrycount=1&staticdomain=js.zohocdn.com&staticversion=May_26_2022_2&hash=6bf69600
Fri, 10 Jun 2022 03:05:35 GMT CRITICAL load commit https://in2-wms.zoho.in/v2/wmsconnector.html?tabid=$2423145118865297930-60014974653-AGT_MT_1654830333129_3541&wmsid=$2423145118865297930-60014974653-AGT&nocache=1654830335442
Fri, 10 Jun 2022 03:09:18 GMT received ipcmessage:asynchronous-message open_session_end_url= 
Fri, 10 Jun 2022 03:09:18 GMT got end session url
Fri, 10 Jun 2022 03:09:22 GMT close mainwindow main.js
Fri, 10 Jun 2022 03:09:22 GMT put To rest
Fri, 10 Jun 2022 03:09:22 GMT Quitting.....
Fri, 10 Jun 2022 03:09:22 GMT GC enabled: false
